# GNU Make 3.81
# Copyright (C) 2006  Free Software Foundation, Inc.
# This is free software; see the source for copying conditions.
# There is NO warranty; not even for MERCHANTABILITY or FITNESS FOR A
# PARTICULAR PURPOSE.

# This program built for i386-apple-darwin11.3.0

# Make data base, printed on Mon Aug  8 12:37:07 2022

# Variables

# makefile (from `Makefile', line 2)
PROTO_ROOT_DIR = googleapis/
# automatic
<D = $(patsubst %/,%,$(dir $<))
# automatic
?F = $(notdir $?)
# environment
ELECTRON_NO_ATTACH_CONSOLE = 1
# environment
LC_CTYPE = UTF-8
# environment
VSCODE_LOG_NATIVE = false
# environment
NVM_INC = /Users/aleksandermako/.nvm/versions/node/v14.16.0/include/node
# automatic
?D = $(patsubst %/,%,$(dir $?))
# environment
CPPFLAGS = -I/usr/local/opt/libffi/include
# automatic
@D = $(patsubst %/,%,$(dir $@))
# automatic
@F = $(notdir $@)
# makefile
CURDIR := /Users/aleksandermako/google-ads-go
# makefile
SHELL = /bin/sh
# makefile (from `Makefile', line 9)
BIN = gads
# environment
QO = /Users/aleksandermako/Desktop/jw-quoros
# environment
VSCODE_NLS_CONFIG = {"locale":"en-gb","availableLanguages":{},"_languagePackSupport":true}
# environment
_ = /usr/bin/make
# makefile (from `Makefile', line 3)
PROTO_SRC_DIR = /google/ads/googleads/$(ADS_VERSION)/**/*.proto
# makefile (from `Makefile', line 1)
MAKEFILE_LIST :=  Makefile
# environment
VSCODE_AMD_ENTRYPOINT = vs/workbench/api/node/extensionHostProcess
# environment
VSCODE_VERBOSE_LOGGING = true
# environment
CLOUDSDK_PYTHON = /usr/local/opt/python@3.8/libexec/bin/python
# makefile (from `Makefile', line 4)
PROTO_OUT_DIR = $$GOPATH/src/github.com/kritzware/google-ads-go/
# environment
VSCODE_IPC_HOOK_EXTHOST = /var/folders/cr/z8g6hxf93w7_52hz9czb12b00000gp/T/vscode-ipc-efa72799-aac7-4d57-a538-de1e5a12246f.sock
# environment
VSCODE_CWD = /Users/aleksandermako/google-ads-go
# environment
GUILE_SYSTEM_EXTENSIONS_PATH = /usr/local/lib/guile/3.0/extensions
# environment
GOPROXY = https://proxy.golang.org,direct
# environment
Apple_PubSub_Socket_Render = /private/tmp/com.apple.launchd.2x5U3mAj0r/Render
# environment
PATH = /Users/aleksandermako/.poetry/bin:/Users/aleksandermako/go/bin:/Users/aleksandermako/Desktop/demo/demo-serv/node_modules/typescript/bin:/Users/aleksandermako/Desktop:/Users/aleksandermako/.nvm/versions/node/v14.16.0/bin:/Users/aleksandermako/.local/bin:/usr/local/Cellar/postgresql@11/11.10/bin:/usr/local/Caskroom/google-cloud-sdk/latest/google-cloud-sdk/bin:/usr/local/bin:/usr/bin:/bin:/usr/sbin:/sbin:/usr/local/MacGPG2/bin
# environment
BAPI = /Users/aleksandermako/Desktop/jw-business-api
# environment
K8S = /Users/aleksandermako/Desktop/jw-k8s
# environment
GOPATH = /Users/aleksandermako/go
# environment
NVM_BIN = /Users/aleksandermako/.nvm/versions/node/v14.16.0/bin
# environment
FB = /Users/aleksandermako/Desktop/facebook-client
# environment
VSCODE_LOG_STACK = false
# environment
ELECTRON_RUN_AS_NODE = 1
# environment
LDFLAGS = -L/usr/local/opt/libffi/lib
# default
.FEATURES := target-specific order-only second-expansion else-if archives jobserver check-symlink
# makefile (from `Makefile', line 6)
PROTOC_GO_ARGS = --go_out=plugins=grpc,$(PKG_PATH):$(PROTO_OUT_DIR)
# environment
SSH_AUTH_SOCK = /private/tmp/com.apple.launchd.6rIusMg27Q/Listeners
# automatic
%F = $(notdir $%)
# environment
VSCODE_PIPE_LOGGING = true
# environment
PWD = /Users/aleksandermako/google-ads-go
# environment
PKG_CONFIG_PATH = /usr/local/opt/libffi/lib/pkgconfig
# environment
ORIGINAL_XDG_CURRENT_DESKTOP = undefined
# environment
GOMODCACHE = /Users/aleksandermako/go/pkg/mod
# environment
HOME = /Users/aleksandermako
# default
MAKEFILEPATH = $(shell /usr/bin/xcode-select -print-path 2>/dev/null || echo /Developer)/Makefiles
# environment
VSCODE_CLI = 1
# environment
VSCODE_CODE_CACHE_PATH = /Users/aleksandermako/Library/Application Support/Code/CachedData/30d9c6cd9483b2cc586687151bcbcd635f373630
# environment
LOGNAME = aleksandermako
# environment
APPLICATION_INSIGHTS_NO_DIAGNOSTIC_CHANNEL = true
# environment
NVM_CD_FLAGS = 
# environment
VSCODE_HANDLES_UNCAUGHT_ERRORS = true
# automatic
^D = $(patsubst %/,%,$(dir $^))
# environment
XPC_FLAGS = 0x0
# default
MAKE = $(MAKE_COMMAND)
# default
MAKECMDGOALS := all
# environment
SHLVL = 3
# environment
GUILE_LOAD_PATH = /usr/local/share/guile/site/3.0
# default
MAKE_VERSION := 3.81
# environment
USER = aleksandermako
# makefile
.DEFAULT_GOAL := build
# environment
TERM_SESSION_ID = 8F3654C7-BAA0-438D-8AED-CB355B6AAE3B
# makefile (from `Makefile', line 8)
ENTRY = main.go
# automatic
%D = $(patsubst %/,%,$(dir $%))
# makefile (from `Makefile', line 1)
ADS_VERSION = v0
# default
MAKE_COMMAND := /Library/Developer/CommandLineTools/usr/bin/make
# environment
TERM_PROGRAM = Apple_Terminal
# default
.VARIABLES := 
# environment
TMPDIR = /var/folders/cr/z8g6hxf93w7_52hz9czb12b00000gp/T/
# automatic
*F = $(notdir $*)
# environment
VSCODE_IPC_HOOK = /Users/aleksandermako/Library/Application Support/Code/1.68.1-main.sock
# makefile (from `Makefile', line 5)
PKG_PATH = paths=source_relative
# makefile
MAKEFLAGS = Rrqp
# environment
MFLAGS = -Rrqp
# automatic
*D = $(patsubst %/,%,$(dir $*))
# environment
TERM_PROGRAM_VERSION = 421.2
# environment
NVM_DIR = /Users/aleksandermako/.nvm
# environment
XPC_SERVICE_NAME = 0
# automatic
+D = $(patsubst %/,%,$(dir $+))
# automatic
+F = $(notdir $+)
# environment
GUILE_TLS_CERTIFICATE_DIRECTORY = /usr/local/etc/gnutls/
# environment
__CF_USER_TEXT_ENCODING = 0x1F6:0x0:0x0
# default
MAKEFILES := 
# automatic
<F = $(notdir $<)
# environment
GOPRIVATE = jus.tw.cx
# environment
LC_ALL = C
# environment
GUILE_LOAD_COMPILED_PATH = /usr/local/lib/guile/3.0/site-ccache
# environment
SECURITYSESSIONID = 186ab
# automatic
^F = $(notdir $^)
# default
SUFFIXES := 
# default
.INCLUDE_DIRS = /usr/local/include
# environment
MAKELEVEL := 0
# environment
LANG = C
# environment
TERM = xterm-256color
# environment
VSCODE_PID = 82185
# environment
VAULT_ADDR = https://vault.justwatch.com:8200
# variable set hash-table stats:
# Load=98/1024=10%, Rehash=0, Collisions=2/122=2%

# Pattern-specific Variable Values

# No pattern-specific variable values.

# Directories

# . (device 16777220, inode 49258646): 21 files, no impossibilities.

# 21 files, no impossibilities in 1 directories.

# Implicit Rules

# No implicit rules.

# Files

# Not a target:
all:
#  Command-line target.
#  Implicit rule search has been done.
#  File does not exist.
#  File has not been updated.
# variable set hash-table stats:
# Load=0/32=0%, Rehash=0, Collisions=0/0=0%

.PHONY: protos clone-googleapis update-googleapis
#  Implicit rule search has not been done.
#  Modification time never checked.
#  File has not been updated.

protos: clean-protos clean-gen-protos
#  Phony target (prerequisite of .PHONY).
#  Implicit rule search has not been done.
#  File does not exist.
#  File has not been updated.
#  commands to execute (from `Makefile', line 24):
	echo "converting protos for version $(ADS_VERSION)"
	for file in $(PROTO_ROOT_DIR)$(PROTO_SRC_DIR); do \
	echo "converting proto $$(basename $$file)"; \
	protoc -I=$(PROTO_ROOT_DIR) $(PROTOC_GO_ARGS) $$file; \
	done; \
	sh ./fix-package-paths.sh; \
	rm -rf google/
	@echo "built proto files to $$(basename $(PROTO_OUT_DIR))"
	

# Not a target:
.SUFFIXES:
#  Implicit rule search has not been done.
#  Modification time never checked.
#  File has not been updated.

# Not a target:
Makefile:
#  Implicit rule search has been done.
#  Last modified 2022-08-08 12:36:46
#  File has been updated.
#  Successfully updated.
# variable set hash-table stats:
# Load=0/32=0%, Rehash=0, Collisions=0/0=0%

update-googleapis:
#  Phony target (prerequisite of .PHONY).
#  Implicit rule search has not been done.
#  File does not exist.
#  File has not been updated.
#  commands to execute (from `Makefile', line 48):
	cd $(PROTO_ROOT_DIR)
	git submodule update --recursive --remote
	

test:
#  Implicit rule search has not been done.
#  Modification time never checked.
#  File has not been updated.
#  commands to execute (from `Makefile', line 21):
	go test -v -cover ./...
	

build:
#  Implicit rule search has not been done.
 
make: *** No rule to make target `all'.  Stop.

#  Modification time never checked.
#  File has not been updated.
#  commands to execute (from `Makefile', line 12):
	go build -o $$GOPATH/bin/$(BIN) $(ENTRY)
	

.SILENT: clean-protos clean-gen-protos
#  Implicit rule search has not been done.
#  Modification time never checked.
#  File has not been updated.
#  commands to execute (from `Makefile', line 24):
	echo "converting protos for version $(ADS_VERSION)"
	for file in $(PROTO_ROOT_DIR)$(PROTO_SRC_DIR); do \
	echo "converting proto $$(basename $$file)"; \
	protoc -I=$(PROTO_ROOT_DIR) $(PROTOC_GO_ARGS) $$file; \
	done; \
	sh ./fix-package-paths.sh; \
	rm -rf google/
	@echo "built proto files to $$(basename $(PROTO_OUT_DIR))"
	

clone-googleapis:
#  Phony target (prerequisite of .PHONY).
#  Implicit rule search has not been done.
#  File does not exist.
#  File has not been updated.
#  commands to execute (from `Makefile', line 44):
	cd $(PROTO_ROOT_DIR)
	git submodule update --init --recursive
	

run-debug:
#  Implicit rule search has not been done.
#  Modification time never checked.
#  File has not been updated.
#  commands to execute (from `Makefile', line 18):
	GODEBUG=http2debug=2 GRPC_GO_LOG_SEVERITY_LEVEL=info GRPC_GO_LOG_VERBOSITY_LEVEL=2 go run $(ENTRY)
	

# Not a target:
.DEFAULT:
#  Implicit rule search has not been done.
#  Modification time never checked.
#  File has not been updated.

clean-gen-protos:
#  Implicit rule search has not been done.
#  Modification time never checked.
#  File has not been updated.
#  commands to execute (from `Makefile', line 41):
	rm -rf google/
	

run:
#  Implicit rule search has not been done.
#  Modification time never checked.
#  File has not been updated.
#  commands to execute (from `Makefile', line 15):
	go run $(ENTRY)
	

clean-protos:
#  Implicit rule search has not been done.
#  Modification time never checked.
#  File has not been updated.
#  commands to execute (from `Makefile', line 34):
	rm -rf common/
	rm -rf enums/
	rm -rf errors/
	rm -rf resources/
	rm -rf services/
	

# files hash-table stats:
# Load=15/1024=1%, Rehash=0, Collisions=1/34=3%
# VPATH Search Paths

# No `vpath' search paths.

# No general (`VPATH' variable) search path.

# # of strings in strcache: 1
# # of strcache buffers: 1
# strcache size: total = 4096 / max = 4096 / min = 4096 / avg = 4096
# strcache free: total = 4087 / max = 4087 / min = 4087 / avg = 4087

# Finished Make data base on Mon Aug  8 12:37:07 2022

 
